{
  "uid" : "2cf2efdbcf889790",
  "name" : "235S AramaIcerikAramaTemizle",
  "historyId" : "55de9f4dd2cd3a3da600cc7a9037f315",
  "time" : {
    "start" : 1560911846103,
    "stop" : 1560911922971,
    "duration" : 76868
  },
  "status" : "failed",
  "statusMessage" : "Expected condition failed: waiting for presence of element located by: By.id: com.turkcell.gncplay:id/dg_login_continue (tried for 30 second(s) with 500 milliseconds interval)",
  "statusTrace" : "org.openqa.selenium.TimeoutException: Expected condition failed: waiting for presence of element located by: By.id: com.turkcell.gncplay:id/dg_login_continue (tried for 30 second(s) with 500 milliseconds interval)\n\tat org.openqa.selenium.support.ui.FluentWait.timeoutException(FluentWait.java:304)\n\tat org.openqa.selenium.support.ui.FluentWait.until(FluentWait.java:272)\n\tat com.snapbytes.snaptest.mobile.MobileDevice.waitElement(MobileDevice.java:332)\n\tat com.snapbytes.snaptest.mobile.MobileDevice.loadPageConfig(MobileDevice.java:206)\n\tat com.snapbytes.snaptest.mobile.AndroidDevice.seePage(AndroidDevice.java:163)\n\tat com.snapbytes.snaptest.mobile.MobileSteps.seePage(MobileSteps.java:321)\n\tat steps.MySteps.loginUser(MySteps.java:1298)\n\tat ✽.I log in as any premium user without download package(src/test/resources/features/android/Login with Password/Premium Package/Without Download Package/premiumPackagewithSearch2.feature:7)\nCaused by: org.openqa.selenium.NoSuchElementException: By.id: com.turkcell.gncplay:id/dg_login_continue\nFor documentation on this error, please visit: https://www.seleniumhq.org/exceptions/no_such_element.html\nBuild info: version: '3.141.59', revision: 'e82be7d358', time: '2018-11-14T08:17:03'\nSystem info: host: 'netas-HP-Compaq-Elite-8300-MT', ip: '127.0.1.1', os.name: 'Linux', os.arch: 'amd64', os.version: '4.15.0-51-generic', java.version: '1.8.0_191'\nDriver info: driver.version: unknown\n\tat com.snapbytes.snaptest.mobile.MobileDevice$1.apply(MobileDevice.java:343)\n\tat com.snapbytes.snaptest.mobile.MobileDevice$1.apply(MobileDevice.java:338)\n\tat org.openqa.selenium.support.ui.FluentWait.until(FluentWait.java:249)\n\tat com.snapbytes.snaptest.mobile.MobileDevice.waitElement(MobileDevice.java:332)\n\tat com.snapbytes.snaptest.mobile.MobileDevice.loadPageConfig(MobileDevice.java:206)\n\tat com.snapbytes.snaptest.mobile.AndroidDevice.seePage(AndroidDevice.java:163)\n\tat com.snapbytes.snaptest.mobile.MobileSteps.seePage(MobileSteps.java:321)\n\tat steps.MySteps.loginUser(MySteps.java:1298)\n\tat sun.reflect.GeneratedMethodAccessor36.invoke(Unknown Source)\n\tat sun.reflect.DelegatingMethodAccessorImpl.invoke(DelegatingMethodAccessorImpl.java:43)\n\tat java.lang.reflect.Method.invoke(Method.java:498)\n\tat cucumber.runtime.Utils$1.call(Utils.java:26)\n\tat cucumber.runtime.Timeout.timeout(Timeout.java:16)\n\tat cucumber.runtime.Utils.invoke(Utils.java:20)\n\tat cucumber.runtime.java.JavaStepDefinition.execute(JavaStepDefinition.java:48)\n\tat cucumber.runtime.PickleStepDefinitionMatch.runStep(PickleStepDefinitionMatch.java:50)\n\tat cucumber.runner.TestStep.executeStep(TestStep.java:55)\n\tat cucumber.runner.TestStep.run(TestStep.java:42)\n\tat cucumber.runner.PickleStepTestStep.run(PickleStepTestStep.java:53)\n\tat cucumber.runner.TestCase.run(TestCase.java:47)\n\tat cucumber.runner.Runner.runPickle(Runner.java:44)\n\tat com.snapbytes.snaptest.testng.CustomTestNGCucumberRunner.runScenario(CustomTestNGCucumberRunner.java:80)\n\tat com.snapbytes.snaptest.testng.CucumberTestNG.Scenario(CucumberTestNG.java:82)\n\tat sun.reflect.GeneratedMethodAccessor30.invoke(Unknown Source)\n\tat sun.reflect.DelegatingMethodAccessorImpl.invoke(DelegatingMethodAccessorImpl.java:43)\n\tat java.lang.reflect.Method.invoke(Method.java:498)\n\tat org.testng.internal.MethodInvocationHelper.invokeMethod(MethodInvocationHelper.java:124)\n\tat org.testng.internal.Invoker.invokeMethod(Invoker.java:583)\n\tat org.testng.internal.Invoker.invokeTestMethod(Invoker.java:719)\n\tat org.testng.internal.Invoker.invokeTestMethods(Invoker.java:989)\n\tat org.testng.internal.TestMethodWorker.invokeTestMethods(TestMethodWorker.java:125)\n\tat org.testng.internal.TestMethodWorker.run(TestMethodWorker.java:109)\n\tat java.util.concurrent.ThreadPoolExecutor.runWorker(ThreadPoolExecutor.java:1149)\n\tat java.util.concurrent.ThreadPoolExecutor$Worker.run(ThreadPoolExecutor.java:624)\n\tat java.lang.Thread.run(Thread.java:748)\n",
  "flaky" : false,
  "newFailed" : false,
  "beforeStages" : [ ],
  "testStage" : {
    "status" : "failed",
    "statusMessage" : "Expected condition failed: waiting for presence of element located by: By.id: com.turkcell.gncplay:id/dg_login_continue (tried for 30 second(s) with 500 milliseconds interval)",
    "statusTrace" : "org.openqa.selenium.TimeoutException: Expected condition failed: waiting for presence of element located by: By.id: com.turkcell.gncplay:id/dg_login_continue (tried for 30 second(s) with 500 milliseconds interval)\n\tat org.openqa.selenium.support.ui.FluentWait.timeoutException(FluentWait.java:304)\n\tat org.openqa.selenium.support.ui.FluentWait.until(FluentWait.java:272)\n\tat com.snapbytes.snaptest.mobile.MobileDevice.waitElement(MobileDevice.java:332)\n\tat com.snapbytes.snaptest.mobile.MobileDevice.loadPageConfig(MobileDevice.java:206)\n\tat com.snapbytes.snaptest.mobile.AndroidDevice.seePage(AndroidDevice.java:163)\n\tat com.snapbytes.snaptest.mobile.MobileSteps.seePage(MobileSteps.java:321)\n\tat steps.MySteps.loginUser(MySteps.java:1298)\n\tat ✽.I log in as any premium user without download package(src/test/resources/features/android/Login with Password/Premium Package/Without Download Package/premiumPackagewithSearch2.feature:7)\nCaused by: org.openqa.selenium.NoSuchElementException: By.id: com.turkcell.gncplay:id/dg_login_continue\nFor documentation on this error, please visit: https://www.seleniumhq.org/exceptions/no_such_element.html\nBuild info: version: '3.141.59', revision: 'e82be7d358', time: '2018-11-14T08:17:03'\nSystem info: host: 'netas-HP-Compaq-Elite-8300-MT', ip: '127.0.1.1', os.name: 'Linux', os.arch: 'amd64', os.version: '4.15.0-51-generic', java.version: '1.8.0_191'\nDriver info: driver.version: unknown\n\tat com.snapbytes.snaptest.mobile.MobileDevice$1.apply(MobileDevice.java:343)\n\tat com.snapbytes.snaptest.mobile.MobileDevice$1.apply(MobileDevice.java:338)\n\tat org.openqa.selenium.support.ui.FluentWait.until(FluentWait.java:249)\n\tat com.snapbytes.snaptest.mobile.MobileDevice.waitElement(MobileDevice.java:332)\n\tat com.snapbytes.snaptest.mobile.MobileDevice.loadPageConfig(MobileDevice.java:206)\n\tat com.snapbytes.snaptest.mobile.AndroidDevice.seePage(AndroidDevice.java:163)\n\tat com.snapbytes.snaptest.mobile.MobileSteps.seePage(MobileSteps.java:321)\n\tat steps.MySteps.loginUser(MySteps.java:1298)\n\tat sun.reflect.GeneratedMethodAccessor36.invoke(Unknown Source)\n\tat sun.reflect.DelegatingMethodAccessorImpl.invoke(DelegatingMethodAccessorImpl.java:43)\n\tat java.lang.reflect.Method.invoke(Method.java:498)\n\tat cucumber.runtime.Utils$1.call(Utils.java:26)\n\tat cucumber.runtime.Timeout.timeout(Timeout.java:16)\n\tat cucumber.runtime.Utils.invoke(Utils.java:20)\n\tat cucumber.runtime.java.JavaStepDefinition.execute(JavaStepDefinition.java:48)\n\tat cucumber.runtime.PickleStepDefinitionMatch.runStep(PickleStepDefinitionMatch.java:50)\n\tat cucumber.runner.TestStep.executeStep(TestStep.java:55)\n\tat cucumber.runner.TestStep.run(TestStep.java:42)\n\tat cucumber.runner.PickleStepTestStep.run(PickleStepTestStep.java:53)\n\tat cucumber.runner.TestCase.run(TestCase.java:47)\n\tat cucumber.runner.Runner.runPickle(Runner.java:44)\n\tat com.snapbytes.snaptest.testng.CustomTestNGCucumberRunner.runScenario(CustomTestNGCucumberRunner.java:80)\n\tat com.snapbytes.snaptest.testng.CucumberTestNG.Scenario(CucumberTestNG.java:82)\n\tat sun.reflect.GeneratedMethodAccessor30.invoke(Unknown Source)\n\tat sun.reflect.DelegatingMethodAccessorImpl.invoke(DelegatingMethodAccessorImpl.java:43)\n\tat java.lang.reflect.Method.invoke(Method.java:498)\n\tat org.testng.internal.MethodInvocationHelper.invokeMethod(MethodInvocationHelper.java:124)\n\tat org.testng.internal.Invoker.invokeMethod(Invoker.java:583)\n\tat org.testng.internal.Invoker.invokeTestMethod(Invoker.java:719)\n\tat org.testng.internal.Invoker.invokeTestMethods(Invoker.java:989)\n\tat org.testng.internal.TestMethodWorker.invokeTestMethods(TestMethodWorker.java:125)\n\tat org.testng.internal.TestMethodWorker.run(TestMethodWorker.java:109)\n\tat java.util.concurrent.ThreadPoolExecutor.runWorker(ThreadPoolExecutor.java:1149)\n\tat java.util.concurrent.ThreadPoolExecutor$Worker.run(ThreadPoolExecutor.java:624)\n\tat java.lang.Thread.run(Thread.java:748)\n",
    "steps" : [ {
      "name" : "before",
      "time" : {
        "start" : 1560911846103,
        "stop" : 1560911846107,
        "duration" : 4
      },
      "status" : "passed",
      "steps" : [ ],
      "attachments" : [ ],
      "parameters" : [ ],
      "stepsCount" : 0,
      "attachmentsCount" : 0,
      "shouldDisplayMessage" : false,
      "hasContent" : false
    }, {
      "name" : "before",
      "time" : {
        "start" : 1560911846107,
        "stop" : 1560911846107,
        "duration" : 0
      },
      "status" : "passed",
      "steps" : [ ],
      "attachments" : [ ],
      "parameters" : [ ],
      "stepsCount" : 0,
      "attachmentsCount" : 0,
      "shouldDisplayMessage" : false,
      "hasContent" : false
    }, {
      "name" : "before",
      "time" : {
        "start" : 1560911846107,
        "stop" : 1560911846108,
        "duration" : 1
      },
      "status" : "passed",
      "steps" : [ ],
      "attachments" : [ ],
      "parameters" : [ ],
      "stepsCount" : 0,
      "attachmentsCount" : 0,
      "shouldDisplayMessage" : false,
      "hasContent" : false
    }, {
      "name" : "before",
      "time" : {
        "start" : 1560911846108,
        "stop" : 1560911846108,
        "duration" : 0
      },
      "status" : "passed",
      "steps" : [ ],
      "attachments" : [ ],
      "parameters" : [ ],
      "stepsCount" : 0,
      "attachmentsCount" : 0,
      "shouldDisplayMessage" : false,
      "hasContent" : false
    }, {
      "name" : "Given  android device A",
      "time" : {
        "start" : 1560911846108,
        "stop" : 1560911846109,
        "duration" : 1
      },
      "status" : "passed",
      "steps" : [ ],
      "attachments" : [ ],
      "parameters" : [ ],
      "stepsCount" : 0,
      "attachmentsCount" : 0,
      "shouldDisplayMessage" : false,
      "hasContent" : false
    }, {
      "name" : "When  I start fizy application",
      "time" : {
        "start" : 1560911846109,
        "stop" : 1560911853438,
        "duration" : 7329
      },
      "status" : "passed",
      "steps" : [ ],
      "attachments" : [ ],
      "parameters" : [ ],
      "stepsCount" : 0,
      "attachmentsCount" : 0,
      "shouldDisplayMessage" : false,
      "hasContent" : false
    }, {
      "name" : "And  I log in as any premium user without download package",
      "time" : {
        "start" : 1560911853438,
        "stop" : 1560911900241,
        "duration" : 46803
      },
      "status" : "failed",
      "steps" : [ ],
      "attachments" : [ ],
      "parameters" : [ ],
      "stepsCount" : 0,
      "attachmentsCount" : 0,
      "shouldDisplayMessage" : false,
      "hasContent" : false
    }, {
      "name" : "Given  I see home page",
      "time" : {
        "start" : 1560911900241,
        "stop" : 1560911900241,
        "duration" : 0
      },
      "status" : "skipped",
      "steps" : [ ],
      "attachments" : [ ],
      "parameters" : [ ],
      "stepsCount" : 0,
      "attachmentsCount" : 0,
      "shouldDisplayMessage" : false,
      "hasContent" : false
    }, {
      "name" : "When  I go to search page and type \"Tarkan\" and swipe to first artist title",
      "time" : {
        "start" : 1560911900241,
        "stop" : 1560911900241,
        "duration" : 0
      },
      "status" : "skipped",
      "steps" : [ ],
      "attachments" : [ ],
      "parameters" : [ ],
      "stepsCount" : 0,
      "attachmentsCount" : 0,
      "shouldDisplayMessage" : false,
      "hasContent" : false
    }, {
      "name" : "And  I click first artist title",
      "time" : {
        "start" : 1560911900242,
        "stop" : 1560911900242,
        "duration" : 0
      },
      "status" : "skipped",
      "steps" : [ ],
      "attachments" : [ ],
      "parameters" : [ ],
      "stepsCount" : 0,
      "attachmentsCount" : 0,
      "shouldDisplayMessage" : false,
      "hasContent" : false
    }, {
      "name" : "Then  I see artist page",
      "time" : {
        "start" : 1560911900242,
        "stop" : 1560911900242,
        "duration" : 0
      },
      "status" : "skipped",
      "steps" : [ ],
      "attachments" : [ ],
      "parameters" : [ ],
      "stepsCount" : 0,
      "attachmentsCount" : 0,
      "shouldDisplayMessage" : false,
      "hasContent" : false
    }, {
      "name" : "When  I click search button",
      "time" : {
        "start" : 1560911900242,
        "stop" : 1560911900242,
        "duration" : 0
      },
      "status" : "skipped",
      "steps" : [ ],
      "attachments" : [ ],
      "parameters" : [ ],
      "stepsCount" : 0,
      "attachmentsCount" : 0,
      "shouldDisplayMessage" : false,
      "hasContent" : false
    }, {
      "name" : "Then  I see search page",
      "time" : {
        "start" : 1560911900242,
        "stop" : 1560911900242,
        "duration" : 0
      },
      "status" : "skipped",
      "steps" : [ ],
      "attachments" : [ ],
      "parameters" : [ ],
      "stepsCount" : 0,
      "attachmentsCount" : 0,
      "shouldDisplayMessage" : false,
      "hasContent" : false
    }, {
      "name" : "When  I click clean all search",
      "time" : {
        "start" : 1560911900242,
        "stop" : 1560911900242,
        "duration" : 0
      },
      "status" : "skipped",
      "steps" : [ ],
      "attachments" : [ ],
      "parameters" : [ ],
      "stepsCount" : 0,
      "attachmentsCount" : 0,
      "shouldDisplayMessage" : false,
      "hasContent" : false
    }, {
      "name" : "Then  I see \"Henüz hiç arama yok.\"",
      "time" : {
        "start" : 1560911900242,
        "stop" : 1560911900242,
        "duration" : 0
      },
      "status" : "skipped",
      "steps" : [ ],
      "attachments" : [ ],
      "parameters" : [ ],
      "stepsCount" : 0,
      "attachmentsCount" : 0,
      "shouldDisplayMessage" : false,
      "hasContent" : false
    }, {
      "name" : "after",
      "time" : {
        "start" : 1560911900243,
        "stop" : 1560911900243,
        "duration" : 0
      },
      "status" : "passed",
      "steps" : [ ],
      "attachments" : [ ],
      "parameters" : [ ],
      "stepsCount" : 0,
      "attachmentsCount" : 0,
      "shouldDisplayMessage" : false,
      "hasContent" : false
    }, {
      "name" : "after",
      "time" : {
        "start" : 1560911900243,
        "stop" : 1560911900243,
        "duration" : 0
      },
      "status" : "passed",
      "steps" : [ ],
      "attachments" : [ ],
      "parameters" : [ ],
      "stepsCount" : 0,
      "attachmentsCount" : 0,
      "shouldDisplayMessage" : false,
      "hasContent" : false
    }, {
      "name" : "after",
      "time" : {
        "start" : 1560911900243,
        "stop" : 1560911902037,
        "duration" : 1794
      },
      "status" : "passed",
      "steps" : [ ],
      "attachments" : [ {
        "uid" : "6f030cb9ac4aa3fb",
        "name" : "235S_AramaIcerikAramaTemizle",
        "source" : "6f030cb9ac4aa3fb.png",
        "type" : "image/png",
        "size" : 971399
      } ],
      "parameters" : [ ],
      "stepsCount" : 0,
      "attachmentsCount" : 1,
      "shouldDisplayMessage" : false,
      "hasContent" : true
    }, {
      "name" : "after",
      "time" : {
        "start" : 1560911902037,
        "stop" : 1560911922353,
        "duration" : 20316
      },
      "status" : "passed",
      "steps" : [ ],
      "attachments" : [ ],
      "parameters" : [ ],
      "stepsCount" : 0,
      "attachmentsCount" : 0,
      "shouldDisplayMessage" : false,
      "hasContent" : false
    }, {
      "name" : "after",
      "time" : {
        "start" : 1560911922353,
        "stop" : 1560911922504,
        "duration" : 151
      },
      "status" : "passed",
      "steps" : [ ],
      "attachments" : [ ],
      "parameters" : [ ],
      "stepsCount" : 0,
      "attachmentsCount" : 0,
      "shouldDisplayMessage" : false,
      "hasContent" : false
    }, {
      "name" : "after",
      "time" : {
        "start" : 1560911922504,
        "stop" : 1560911922504,
        "duration" : 0
      },
      "status" : "passed",
      "steps" : [ ],
      "attachments" : [ ],
      "parameters" : [ ],
      "stepsCount" : 0,
      "attachmentsCount" : 0,
      "shouldDisplayMessage" : false,
      "hasContent" : false
    }, {
      "name" : "after",
      "time" : {
        "start" : 1560911922504,
        "stop" : 1560911922504,
        "duration" : 0
      },
      "status" : "passed",
      "steps" : [ ],
      "attachments" : [ ],
      "parameters" : [ ],
      "stepsCount" : 0,
      "attachmentsCount" : 0,
      "shouldDisplayMessage" : false,
      "hasContent" : false
    }, {
      "name" : "after",
      "time" : {
        "start" : 1560911922504,
        "stop" : 1560911922970,
        "duration" : 466
      },
      "status" : "passed",
      "steps" : [ ],
      "attachments" : [ ],
      "parameters" : [ ],
      "stepsCount" : 0,
      "attachmentsCount" : 0,
      "shouldDisplayMessage" : false,
      "hasContent" : false
    }, {
      "name" : "after",
      "time" : {
        "start" : 1560911922970,
        "stop" : 1560911922971,
        "duration" : 1
      },
      "status" : "passed",
      "steps" : [ ],
      "attachments" : [ ],
      "parameters" : [ ],
      "stepsCount" : 0,
      "attachmentsCount" : 0,
      "shouldDisplayMessage" : false,
      "hasContent" : false
    } ],
    "attachments" : [ ],
    "parameters" : [ ],
    "stepsCount" : 24,
    "attachmentsCount" : 1,
    "shouldDisplayMessage" : true,
    "hasContent" : true
  },
  "afterStages" : [ ],
  "labels" : [ {
    "name" : "feature",
    "value" : "Search with Premium Package"
  }, {
    "name" : "story",
    "value" : "235S AramaIcerikAramaTemizle"
  }, {
    "name" : "tag",
    "value" : "android"
  }, {
    "name" : "tag",
    "value" : "searchFeature"
  }, {
    "name" : "tag",
    "value" : "premiumUser"
  }, {
    "name" : "tag",
    "value" : "notDownloadPackage"
  }, {
    "name" : "tag",
    "value" : "regression"
  }, {
    "name" : "tag",
    "value" : "TDSS-4199"
  }, {
    "name" : "tag",
    "value" : "rerun"
  }, {
    "name" : "host",
    "value" : "localhost"
  }, {
    "name" : "package",
    "value" : "Search with Premium Package"
  }, {
    "name" : "suite",
    "value" : "Search with Premium Package"
  }, {
    "name" : "testClass",
    "value" : "235S AramaIcerikAramaTemizle"
  }, {
    "name" : "thread",
    "value" : "android/Login with Password/Premium Package/Without Download Package/premiumPackagewithSearch2"
  }, {
    "name" : "resultFormat",
    "value" : "allure2"
  } ],
  "parameters" : [ ],
  "links" : [ ],
  "hidden" : false,
  "retry" : false,
  "extra" : {
    "severity" : "normal",
    "retries" : [ ],
    "categories" : [ {
      "name" : "Product defects",
      "matchedStatuses" : [ ],
      "flaky" : false
    } ],
    "tags" : [ "premiumUser", "searchFeature", "TDSS-4199", "regression", "android", "notDownloadPackage", "rerun" ]
  },
  "source" : "2cf2efdbcf889790.json",
  "parameterValues" : [ ]
}