{
  "uid" : "a8e8ac4093698f90",
  "name" : "1I Izle",
  "historyId" : "1faf3d537adcf03a43695521c2fc1d7d",
  "time" : {
    "start" : 1560908825303,
    "stop" : 1560909043035,
    "duration" : 217732
  },
  "status" : "failed",
  "statusMessage" : "Expected condition failed: waiting for presence of element located by: By.id: com.turkcell.gncplay:id/viewPager (tried for 30 second(s) with 500 milliseconds interval)",
  "statusTrace" : "org.openqa.selenium.TimeoutException: Expected condition failed: waiting for presence of element located by: By.id: com.turkcell.gncplay:id/viewPager (tried for 30 second(s) with 500 milliseconds interval)\n\tat org.openqa.selenium.support.ui.FluentWait.timeoutException(FluentWait.java:304)\n\tat org.openqa.selenium.support.ui.FluentWait.until(FluentWait.java:272)\n\tat com.snapbytes.snaptest.mobile.MobileDevice.waitElement(MobileDevice.java:332)\n\tat com.snapbytes.snaptest.mobile.MobileDevice.loadPageConfig(MobileDevice.java:206)\n\tat com.snapbytes.snaptest.mobile.AndroidDevice.seePage(AndroidDevice.java:163)\n\tat com.snapbytes.snaptest.mobile.MobileSteps.seePage(MobileSteps.java:321)\n\tat steps.MySteps.loginUser(MySteps.java:1339)\n\tat ✽.I log in as any premium user without download package(src/test/resources/features/android/Login with Password/Premium Package/Without Download Package/premiumPackagewithWatch.feature:7)\nCaused by: org.openqa.selenium.NoSuchElementException: By.id: com.turkcell.gncplay:id/viewPager\nFor documentation on this error, please visit: https://www.seleniumhq.org/exceptions/no_such_element.html\nBuild info: version: '3.141.59', revision: 'e82be7d358', time: '2018-11-14T08:17:03'\nSystem info: host: 'netas-HP-Compaq-Elite-8300-MT', ip: '127.0.1.1', os.name: 'Linux', os.arch: 'amd64', os.version: '4.15.0-51-generic', java.version: '1.8.0_191'\nDriver info: driver.version: unknown\n\tat com.snapbytes.snaptest.mobile.MobileDevice$1.apply(MobileDevice.java:343)\n\tat com.snapbytes.snaptest.mobile.MobileDevice$1.apply(MobileDevice.java:338)\n\tat org.openqa.selenium.support.ui.FluentWait.until(FluentWait.java:249)\n\tat com.snapbytes.snaptest.mobile.MobileDevice.waitElement(MobileDevice.java:332)\n\tat com.snapbytes.snaptest.mobile.MobileDevice.loadPageConfig(MobileDevice.java:206)\n\tat com.snapbytes.snaptest.mobile.AndroidDevice.seePage(AndroidDevice.java:163)\n\tat com.snapbytes.snaptest.mobile.MobileSteps.seePage(MobileSteps.java:321)\n\tat steps.MySteps.loginUser(MySteps.java:1339)\n\tat sun.reflect.NativeMethodAccessorImpl.invoke0(Native Method)\n\tat sun.reflect.NativeMethodAccessorImpl.invoke(NativeMethodAccessorImpl.java:62)\n\tat sun.reflect.DelegatingMethodAccessorImpl.invoke(DelegatingMethodAccessorImpl.java:43)\n\tat java.lang.reflect.Method.invoke(Method.java:498)\n\tat cucumber.runtime.Utils$1.call(Utils.java:26)\n\tat cucumber.runtime.Timeout.timeout(Timeout.java:16)\n\tat cucumber.runtime.Utils.invoke(Utils.java:20)\n\tat cucumber.runtime.java.JavaStepDefinition.execute(JavaStepDefinition.java:48)\n\tat cucumber.runtime.PickleStepDefinitionMatch.runStep(PickleStepDefinitionMatch.java:50)\n\tat cucumber.runner.TestStep.executeStep(TestStep.java:55)\n\tat cucumber.runner.TestStep.run(TestStep.java:42)\n\tat cucumber.runner.PickleStepTestStep.run(PickleStepTestStep.java:53)\n\tat cucumber.runner.TestCase.run(TestCase.java:47)\n\tat cucumber.runner.Runner.runPickle(Runner.java:44)\n\tat com.snapbytes.snaptest.testng.CustomTestNGCucumberRunner.runScenario(CustomTestNGCucumberRunner.java:80)\n\tat com.snapbytes.snaptest.testng.CucumberTestNG.Scenario(CucumberTestNG.java:82)\n\tat sun.reflect.NativeMethodAccessorImpl.invoke0(Native Method)\n\tat sun.reflect.NativeMethodAccessorImpl.invoke(NativeMethodAccessorImpl.java:62)\n\tat sun.reflect.DelegatingMethodAccessorImpl.invoke(DelegatingMethodAccessorImpl.java:43)\n\tat java.lang.reflect.Method.invoke(Method.java:498)\n\tat org.testng.internal.MethodInvocationHelper.invokeMethod(MethodInvocationHelper.java:124)\n\tat org.testng.internal.Invoker.invokeMethod(Invoker.java:583)\n\tat org.testng.internal.Invoker.invokeTestMethod(Invoker.java:719)\n\tat org.testng.internal.Invoker.invokeTestMethods(Invoker.java:989)\n\tat org.testng.internal.TestMethodWorker.invokeTestMethods(TestMethodWorker.java:125)\n\tat org.testng.internal.TestMethodWorker.run(TestMethodWorker.java:109)\n\tat java.util.concurrent.ThreadPoolExecutor.runWorker(ThreadPoolExecutor.java:1149)\n\tat java.util.concurrent.ThreadPoolExecutor$Worker.run(ThreadPoolExecutor.java:624)\n\tat java.lang.Thread.run(Thread.java:748)\n",
  "flaky" : false,
  "newFailed" : false,
  "beforeStages" : [ ],
  "testStage" : {
    "status" : "failed",
    "statusMessage" : "Expected condition failed: waiting for presence of element located by: By.id: com.turkcell.gncplay:id/viewPager (tried for 30 second(s) with 500 milliseconds interval)",
    "statusTrace" : "org.openqa.selenium.TimeoutException: Expected condition failed: waiting for presence of element located by: By.id: com.turkcell.gncplay:id/viewPager (tried for 30 second(s) with 500 milliseconds interval)\n\tat org.openqa.selenium.support.ui.FluentWait.timeoutException(FluentWait.java:304)\n\tat org.openqa.selenium.support.ui.FluentWait.until(FluentWait.java:272)\n\tat com.snapbytes.snaptest.mobile.MobileDevice.waitElement(MobileDevice.java:332)\n\tat com.snapbytes.snaptest.mobile.MobileDevice.loadPageConfig(MobileDevice.java:206)\n\tat com.snapbytes.snaptest.mobile.AndroidDevice.seePage(AndroidDevice.java:163)\n\tat com.snapbytes.snaptest.mobile.MobileSteps.seePage(MobileSteps.java:321)\n\tat steps.MySteps.loginUser(MySteps.java:1339)\n\tat ✽.I log in as any premium user without download package(src/test/resources/features/android/Login with Password/Premium Package/Without Download Package/premiumPackagewithWatch.feature:7)\nCaused by: org.openqa.selenium.NoSuchElementException: By.id: com.turkcell.gncplay:id/viewPager\nFor documentation on this error, please visit: https://www.seleniumhq.org/exceptions/no_such_element.html\nBuild info: version: '3.141.59', revision: 'e82be7d358', time: '2018-11-14T08:17:03'\nSystem info: host: 'netas-HP-Compaq-Elite-8300-MT', ip: '127.0.1.1', os.name: 'Linux', os.arch: 'amd64', os.version: '4.15.0-51-generic', java.version: '1.8.0_191'\nDriver info: driver.version: unknown\n\tat com.snapbytes.snaptest.mobile.MobileDevice$1.apply(MobileDevice.java:343)\n\tat com.snapbytes.snaptest.mobile.MobileDevice$1.apply(MobileDevice.java:338)\n\tat org.openqa.selenium.support.ui.FluentWait.until(FluentWait.java:249)\n\tat com.snapbytes.snaptest.mobile.MobileDevice.waitElement(MobileDevice.java:332)\n\tat com.snapbytes.snaptest.mobile.MobileDevice.loadPageConfig(MobileDevice.java:206)\n\tat com.snapbytes.snaptest.mobile.AndroidDevice.seePage(AndroidDevice.java:163)\n\tat com.snapbytes.snaptest.mobile.MobileSteps.seePage(MobileSteps.java:321)\n\tat steps.MySteps.loginUser(MySteps.java:1339)\n\tat sun.reflect.NativeMethodAccessorImpl.invoke0(Native Method)\n\tat sun.reflect.NativeMethodAccessorImpl.invoke(NativeMethodAccessorImpl.java:62)\n\tat sun.reflect.DelegatingMethodAccessorImpl.invoke(DelegatingMethodAccessorImpl.java:43)\n\tat java.lang.reflect.Method.invoke(Method.java:498)\n\tat cucumber.runtime.Utils$1.call(Utils.java:26)\n\tat cucumber.runtime.Timeout.timeout(Timeout.java:16)\n\tat cucumber.runtime.Utils.invoke(Utils.java:20)\n\tat cucumber.runtime.java.JavaStepDefinition.execute(JavaStepDefinition.java:48)\n\tat cucumber.runtime.PickleStepDefinitionMatch.runStep(PickleStepDefinitionMatch.java:50)\n\tat cucumber.runner.TestStep.executeStep(TestStep.java:55)\n\tat cucumber.runner.TestStep.run(TestStep.java:42)\n\tat cucumber.runner.PickleStepTestStep.run(PickleStepTestStep.java:53)\n\tat cucumber.runner.TestCase.run(TestCase.java:47)\n\tat cucumber.runner.Runner.runPickle(Runner.java:44)\n\tat com.snapbytes.snaptest.testng.CustomTestNGCucumberRunner.runScenario(CustomTestNGCucumberRunner.java:80)\n\tat com.snapbytes.snaptest.testng.CucumberTestNG.Scenario(CucumberTestNG.java:82)\n\tat sun.reflect.NativeMethodAccessorImpl.invoke0(Native Method)\n\tat sun.reflect.NativeMethodAccessorImpl.invoke(NativeMethodAccessorImpl.java:62)\n\tat sun.reflect.DelegatingMethodAccessorImpl.invoke(DelegatingMethodAccessorImpl.java:43)\n\tat java.lang.reflect.Method.invoke(Method.java:498)\n\tat org.testng.internal.MethodInvocationHelper.invokeMethod(MethodInvocationHelper.java:124)\n\tat org.testng.internal.Invoker.invokeMethod(Invoker.java:583)\n\tat org.testng.internal.Invoker.invokeTestMethod(Invoker.java:719)\n\tat org.testng.internal.Invoker.invokeTestMethods(Invoker.java:989)\n\tat org.testng.internal.TestMethodWorker.invokeTestMethods(TestMethodWorker.java:125)\n\tat org.testng.internal.TestMethodWorker.run(TestMethodWorker.java:109)\n\tat java.util.concurrent.ThreadPoolExecutor.runWorker(ThreadPoolExecutor.java:1149)\n\tat java.util.concurrent.ThreadPoolExecutor$Worker.run(ThreadPoolExecutor.java:624)\n\tat java.lang.Thread.run(Thread.java:748)\n",
    "steps" : [ {
      "name" : "before",
      "time" : {
        "start" : 1560908825307,
        "stop" : 1560908825312,
        "duration" : 5
      },
      "status" : "passed",
      "steps" : [ ],
      "attachments" : [ ],
      "parameters" : [ ],
      "stepsCount" : 0,
      "attachmentsCount" : 0,
      "shouldDisplayMessage" : false,
      "hasContent" : false
    }, {
      "name" : "before",
      "time" : {
        "start" : 1560908825312,
        "stop" : 1560908825312,
        "duration" : 0
      },
      "status" : "passed",
      "steps" : [ ],
      "attachments" : [ ],
      "parameters" : [ ],
      "stepsCount" : 0,
      "attachmentsCount" : 0,
      "shouldDisplayMessage" : false,
      "hasContent" : false
    }, {
      "name" : "before",
      "time" : {
        "start" : 1560908825312,
        "stop" : 1560908825313,
        "duration" : 1
      },
      "status" : "passed",
      "steps" : [ ],
      "attachments" : [ ],
      "parameters" : [ ],
      "stepsCount" : 0,
      "attachmentsCount" : 0,
      "shouldDisplayMessage" : false,
      "hasContent" : false
    }, {
      "name" : "before",
      "time" : {
        "start" : 1560908825313,
        "stop" : 1560908825313,
        "duration" : 0
      },
      "status" : "passed",
      "steps" : [ ],
      "attachments" : [ ],
      "parameters" : [ ],
      "stepsCount" : 0,
      "attachmentsCount" : 0,
      "shouldDisplayMessage" : false,
      "hasContent" : false
    }, {
      "name" : "Given  android device A",
      "time" : {
        "start" : 1560908825313,
        "stop" : 1560908825931,
        "duration" : 618
      },
      "status" : "passed",
      "steps" : [ ],
      "attachments" : [ ],
      "parameters" : [ ],
      "stepsCount" : 0,
      "attachmentsCount" : 0,
      "shouldDisplayMessage" : false,
      "hasContent" : false
    }, {
      "name" : "When  I start fizy application",
      "time" : {
        "start" : 1560908825931,
        "stop" : 1560908837067,
        "duration" : 11136
      },
      "status" : "passed",
      "steps" : [ ],
      "attachments" : [ ],
      "parameters" : [ ],
      "stepsCount" : 0,
      "attachmentsCount" : 0,
      "shouldDisplayMessage" : false,
      "hasContent" : false
    }, {
      "name" : "And  I log in as any premium user without download package",
      "time" : {
        "start" : 1560908837068,
        "stop" : 1560909021047,
        "duration" : 183979
      },
      "status" : "failed",
      "steps" : [ ],
      "attachments" : [ ],
      "parameters" : [ ],
      "stepsCount" : 0,
      "attachmentsCount" : 0,
      "shouldDisplayMessage" : false,
      "hasContent" : false
    }, {
      "name" : "Given  I see home page",
      "time" : {
        "start" : 1560909021048,
        "stop" : 1560909021048,
        "duration" : 0
      },
      "status" : "skipped",
      "steps" : [ ],
      "attachments" : [ ],
      "parameters" : [ ],
      "stepsCount" : 0,
      "attachmentsCount" : 0,
      "shouldDisplayMessage" : false,
      "hasContent" : false
    }, {
      "name" : "When  I click watch button",
      "time" : {
        "start" : 1560909021048,
        "stop" : 1560909021048,
        "duration" : 0
      },
      "status" : "skipped",
      "steps" : [ ],
      "attachments" : [ ],
      "parameters" : [ ],
      "stepsCount" : 0,
      "attachmentsCount" : 0,
      "shouldDisplayMessage" : false,
      "hasContent" : false
    }, {
      "name" : "Then  I see watch page",
      "time" : {
        "start" : 1560909021049,
        "stop" : 1560909021049,
        "duration" : 0
      },
      "status" : "skipped",
      "steps" : [ ],
      "attachments" : [ ],
      "parameters" : [ ],
      "stepsCount" : 0,
      "attachmentsCount" : 0,
      "shouldDisplayMessage" : false,
      "hasContent" : false
    }, {
      "name" : "after",
      "time" : {
        "start" : 1560909021049,
        "stop" : 1560909021049,
        "duration" : 0
      },
      "status" : "passed",
      "steps" : [ ],
      "attachments" : [ ],
      "parameters" : [ ],
      "stepsCount" : 0,
      "attachmentsCount" : 0,
      "shouldDisplayMessage" : false,
      "hasContent" : false
    }, {
      "name" : "after",
      "time" : {
        "start" : 1560909021049,
        "stop" : 1560909021049,
        "duration" : 0
      },
      "status" : "passed",
      "steps" : [ ],
      "attachments" : [ ],
      "parameters" : [ ],
      "stepsCount" : 0,
      "attachmentsCount" : 0,
      "shouldDisplayMessage" : false,
      "hasContent" : false
    }, {
      "name" : "after",
      "time" : {
        "start" : 1560909021050,
        "stop" : 1560909022383,
        "duration" : 1333
      },
      "status" : "passed",
      "steps" : [ ],
      "attachments" : [ {
        "uid" : "5ebab6696ab54a26",
        "name" : "1I_Izle",
        "source" : "5ebab6696ab54a26.png",
        "type" : "image/png",
        "size" : 120715
      } ],
      "parameters" : [ ],
      "stepsCount" : 0,
      "attachmentsCount" : 1,
      "shouldDisplayMessage" : false,
      "hasContent" : true
    }, {
      "name" : "after",
      "time" : {
        "start" : 1560909022384,
        "stop" : 1560909042625,
        "duration" : 20241
      },
      "status" : "passed",
      "steps" : [ ],
      "attachments" : [ ],
      "parameters" : [ ],
      "stepsCount" : 0,
      "attachmentsCount" : 0,
      "shouldDisplayMessage" : false,
      "hasContent" : false
    }, {
      "name" : "after",
      "time" : {
        "start" : 1560909042625,
        "stop" : 1560909042733,
        "duration" : 108
      },
      "status" : "passed",
      "steps" : [ ],
      "attachments" : [ ],
      "parameters" : [ ],
      "stepsCount" : 0,
      "attachmentsCount" : 0,
      "shouldDisplayMessage" : false,
      "hasContent" : false
    }, {
      "name" : "after",
      "time" : {
        "start" : 1560909042734,
        "stop" : 1560909042734,
        "duration" : 0
      },
      "status" : "passed",
      "steps" : [ ],
      "attachments" : [ ],
      "parameters" : [ ],
      "stepsCount" : 0,
      "attachmentsCount" : 0,
      "shouldDisplayMessage" : false,
      "hasContent" : false
    }, {
      "name" : "after",
      "time" : {
        "start" : 1560909042734,
        "stop" : 1560909042734,
        "duration" : 0
      },
      "status" : "passed",
      "steps" : [ ],
      "attachments" : [ ],
      "parameters" : [ ],
      "stepsCount" : 0,
      "attachmentsCount" : 0,
      "shouldDisplayMessage" : false,
      "hasContent" : false
    }, {
      "name" : "after",
      "time" : {
        "start" : 1560909042734,
        "stop" : 1560909043034,
        "duration" : 300
      },
      "status" : "passed",
      "steps" : [ ],
      "attachments" : [ ],
      "parameters" : [ ],
      "stepsCount" : 0,
      "attachmentsCount" : 0,
      "shouldDisplayMessage" : false,
      "hasContent" : false
    }, {
      "name" : "after",
      "time" : {
        "start" : 1560909043034,
        "stop" : 1560909043034,
        "duration" : 0
      },
      "status" : "passed",
      "steps" : [ ],
      "attachments" : [ ],
      "parameters" : [ ],
      "stepsCount" : 0,
      "attachmentsCount" : 0,
      "shouldDisplayMessage" : false,
      "hasContent" : false
    } ],
    "attachments" : [ ],
    "parameters" : [ ],
    "stepsCount" : 19,
    "attachmentsCount" : 1,
    "shouldDisplayMessage" : true,
    "hasContent" : true
  },
  "afterStages" : [ ],
  "labels" : [ {
    "name" : "feature",
    "value" : "Watch with Premium Package"
  }, {
    "name" : "story",
    "value" : "1I Izle"
  }, {
    "name" : "tag",
    "value" : "android"
  }, {
    "name" : "tag",
    "value" : "watchFeature"
  }, {
    "name" : "tag",
    "value" : "premiumUser"
  }, {
    "name" : "tag",
    "value" : "notDownloadPackage"
  }, {
    "name" : "tag",
    "value" : "regression"
  }, {
    "name" : "tag",
    "value" : "TDSS-1908"
  }, {
    "name" : "tag",
    "value" : "rerun"
  }, {
    "name" : "host",
    "value" : "localhost"
  }, {
    "name" : "package",
    "value" : "Watch with Premium Package"
  }, {
    "name" : "suite",
    "value" : "Watch with Premium Package"
  }, {
    "name" : "testClass",
    "value" : "1I Izle"
  }, {
    "name" : "thread",
    "value" : "android/Login with Password/Premium Package/Without Download Package/premiumPackagewithWatch"
  }, {
    "name" : "resultFormat",
    "value" : "allure2"
  } ],
  "parameters" : [ ],
  "links" : [ ],
  "hidden" : false,
  "retry" : false,
  "extra" : {
    "severity" : "normal",
    "retries" : [ ],
    "categories" : [ {
      "name" : "Product defects",
      "matchedStatuses" : [ ],
      "flaky" : false
    } ],
    "tags" : [ "TDSS-1908", "premiumUser", "regression", "android", "watchFeature", "notDownloadPackage", "rerun" ]
  },
  "source" : "a8e8ac4093698f90.json",
  "parameterValues" : [ ]
}